[20-Jan-2018 02:55:22 UTC] PHP Fatal error:  Class 'PD0' not found in /home/ubuntu/workspace/chatroomCode/chatRoom.php on line 3
[20-Jan-2018 02:55:22 UTC] PHP Stack trace:
[20-Jan-2018 02:55:22 UTC] PHP   1. {main}() /home/ubuntu/workspace/chatroomCode/chatRoom.php:0
[20-Jan-2018 02:59:23 UTC] PHP Fatal error:  Class 'PD0' not found in /home/ubuntu/workspace/chatroomCode/chatRoom.php on line 3
[20-Jan-2018 02:59:23 UTC] PHP Stack trace:
[20-Jan-2018 02:59:23 UTC] PHP   1. {main}() /home/ubuntu/workspace/chatroomCode/chatRoom.php:0
[20-Jan-2018 03:04:49 UTC] PHP Fatal error:  Class 'PD0' not found in /home/ubuntu/workspace/chatroomCode/chatRoom.php on line 3
[20-Jan-2018 03:04:49 UTC] PHP Stack trace:
[20-Jan-2018 03:04:49 UTC] PHP   1. {main}() /home/ubuntu/workspace/chatroomCode/chatRoom.php:0
[20-Jan-2018 03:05:56 UTC] PHP Fatal error:  Class 'PD0' not found in /home/ubuntu/workspace/chatroomCode/chatRoom.php on line 3
[20-Jan-2018 03:05:56 UTC] PHP Stack trace:
[20-Jan-2018 03:05:56 UTC] PHP   1. {main}() /home/ubuntu/workspace/chatroomCode/chatRoom.php:0
[20-Jan-2018 03:11:00 UTC] PHP Fatal error:  Class 'PD0' not found in /home/ubuntu/workspace/chatroomCode/chatRoom.php on line 3
[20-Jan-2018 03:11:00 UTC] PHP Stack trace:
[20-Jan-2018 03:11:00 UTC] PHP   1. {main}() /home/ubuntu/workspace/chatroomCode/chatRoom.php:0
[30-Jan-2018 19:29:13 UTC] PHP Warning:  log() expects parameter 1 to be double, array given in /home/ubuntu/workspace/chatroomCode/chatRoom.php on line 24
[30-Jan-2018 19:29:13 UTC] PHP Stack trace:
[30-Jan-2018 19:29:13 UTC] PHP   1. {main}() /home/ubuntu/workspace/chatroomCode/chatRoom.php:0
[30-Jan-2018 19:29:13 UTC] PHP   2. log() /home/ubuntu/workspace/chatroomCode/chatRoom.php:24
[03-Feb-2018 00:50:55 UTC] PHP Warning:  log() expects parameter 1 to be double, array given in /home/ubuntu/workspace/chatroomCode/chatRoom.php on line 24
[03-Feb-2018 00:50:55 UTC] PHP Stack trace:
[03-Feb-2018 00:50:55 UTC] PHP   1. {main}() /home/ubuntu/workspace/chatroomCode/chatRoom.php:0
[03-Feb-2018 00:50:55 UTC] PHP   2. log() /home/ubuntu/workspace/chatroomCode/chatRoom.php:24
[05-Feb-2018 04:27:54 UTC] PHP Warning:  log() expects parameter 1 to be double, array given in /home/ubuntu/workspace/chatroomCode/chatRoom.php on line 24
[05-Feb-2018 04:27:54 UTC] PHP Stack trace:
[05-Feb-2018 04:27:54 UTC] PHP   1. {main}() /home/ubuntu/workspace/chatroomCode/chatRoom.php:0
[05-Feb-2018 04:27:54 UTC] PHP   2. log() /home/ubuntu/workspace/chatroomCode/chatRoom.php:24
[05-Feb-2018 04:38:44 UTC] PHP Warning:  log() expects parameter 1 to be double, array given in /home/ubuntu/workspace/chatroomCode/chatRoom.php on line 24
[05-Feb-2018 04:38:44 UTC] PHP Stack trace:
[05-Feb-2018 04:38:44 UTC] PHP   1. {main}() /home/ubuntu/workspace/chatroomCode/chatRoom.php:0
[05-Feb-2018 04:38:44 UTC] PHP   2. log() /home/ubuntu/workspace/chatroomCode/chatRoom.php:24
[07-Feb-2018 01:03:07 UTC] PHP Warning:  log() expects parameter 1 to be double, array given in /home/ubuntu/workspace/chatroomCode/chatRoom.php on line 25
[07-Feb-2018 01:03:07 UTC] PHP Stack trace:
[07-Feb-2018 01:03:07 UTC] PHP   1. {main}() /home/ubuntu/workspace/chatroomCode/chatRoom.php:0
[07-Feb-2018 01:03:07 UTC] PHP   2. log() /home/ubuntu/workspace/chatroomCode/chatRoom.php:25
[25-Feb-2018 02:41:18 UTC] PHP Warning:  log() expects parameter 1 to be double, array given in /home/ubuntu/workspace/chatroomCode/chatRoom.php on line 25
[25-Feb-2018 02:41:18 UTC] PHP Stack trace:
[25-Feb-2018 02:41:18 UTC] PHP   1. {main}() /home/ubuntu/workspace/chatroomCode/chatRoom.php:0
[25-Feb-2018 02:41:18 UTC] PHP   2. log() /home/ubuntu/workspace/chatroomCode/chatRoom.php:25
[25-Feb-2018 02:41:29 UTC] PHP Warning:  log() expects parameter 1 to be double, array given in /home/ubuntu/workspace/chatroomCode/chatRoom.php on line 25
[25-Feb-2018 02:41:29 UTC] PHP Stack trace:
[25-Feb-2018 02:41:29 UTC] PHP   1. {main}() /home/ubuntu/workspace/chatroomCode/chatRoom.php:0
[25-Feb-2018 02:41:29 UTC] PHP   2. log() /home/ubuntu/workspace/chatroomCode/chatRoom.php:25
[25-Feb-2018 02:41:41 UTC] PHP Warning:  log() expects parameter 1 to be double, array given in /home/ubuntu/workspace/chatroomCode/chatRoom.php on line 25
[25-Feb-2018 02:41:41 UTC] PHP Stack trace:
[25-Feb-2018 02:41:41 UTC] PHP   1. {main}() /home/ubuntu/workspace/chatroomCode/chatRoom.php:0
[25-Feb-2018 02:41:41 UTC] PHP   2. log() /home/ubuntu/workspace/chatroomCode/chatRoom.php:25
[05-Mar-2018 15:39:52 UTC] PHP Warning:  log() expects parameter 1 to be double, array given in /home/ubuntu/workspace/chatroomCode/chatRoom.php on line 25
[05-Mar-2018 15:39:52 UTC] PHP Stack trace:
[05-Mar-2018 15:39:52 UTC] PHP   1. {main}() /home/ubuntu/workspace/chatroomCode/chatRoom.php:0
[05-Mar-2018 15:39:52 UTC] PHP   2. log() /home/ubuntu/workspace/chatroomCode/chatRoom.php:25
